c:\users\ichim\desktop\ac\ti4-sem1\piu\piu_project\oevents\oevents\x64\debug\main.obj
c:\users\ichim\desktop\ac\ti4-sem1\piu\piu_project\oevents\oevents\x64\debug\oevents.obj
c:\users\ichim\desktop\ac\ti4-sem1\piu\piu_project\oevents\oevents\x64\debug\vc142.pdb
c:\users\ichim\desktop\ac\ti4-sem1\piu\piu_project\oevents\oevents\x64\debug\moc_oevents.obj
c:\users\ichim\desktop\ac\ti4-sem1\piu\piu_project\oevents\oevents\x64\debug\qrc_oevents.obj
c:\users\ichim\desktop\ac\ti4-sem1\piu\piu_project\oevents\oevents\x64\debug\moc\moc_oevents.cpp
c:\users\ichim\desktop\ac\ti4-sem1\piu\piu_project\oevents\oevents\x64\debug\uic\ui_oevents.h
c:\users\ichim\desktop\ac\ti4-sem1\piu\piu_project\oevents\oevents\x64\debug\rcc\qrc_oevents.cpp
c:\users\ichim\desktop\ac\ti4-sem1\piu\piu_project\oevents\x64\debug\oevents.pdb
c:\users\ichim\desktop\ac\ti4-sem1\piu\piu_project\oevents\oevents\x64\debug\oevents.tlog\cl.10436.write.1.tlog
c:\users\ichim\desktop\ac\ti4-sem1\piu\piu_project\oevents\oevents\x64\debug\oevents.tlog\cl.command.1.tlog
c:\users\ichim\desktop\ac\ti4-sem1\piu\piu_project\oevents\oevents\x64\debug\oevents.tlog\cl.read.1.tlog
c:\users\ichim\desktop\ac\ti4-sem1\piu\piu_project\oevents\oevents\x64\debug\oevents.tlog\link-cvtres.read.1.tlog
c:\users\ichim\desktop\ac\ti4-sem1\piu\piu_project\oevents\oevents\x64\debug\oevents.tlog\link-cvtres.write.1.tlog
c:\users\ichim\desktop\ac\ti4-sem1\piu\piu_project\oevents\oevents\x64\debug\oevents.tlog\link-rc.read.1.tlog
c:\users\ichim\desktop\ac\ti4-sem1\piu\piu_project\oevents\oevents\x64\debug\oevents.tlog\link-rc.write.1.tlog
c:\users\ichim\desktop\ac\ti4-sem1\piu\piu_project\oevents\oevents\x64\debug\oevents.tlog\link.command.1.tlog
c:\users\ichim\desktop\ac\ti4-sem1\piu\piu_project\oevents\oevents\x64\debug\oevents.tlog\link.read.1.tlog
c:\users\ichim\desktop\ac\ti4-sem1\piu\piu_project\oevents\oevents\x64\debug\oevents.tlog\link.write.1.tlog
c:\users\ichim\desktop\ac\ti4-sem1\piu\piu_project\oevents\oevents\x64\debug\oevents.tlog\moc.read.1u.tlog
c:\users\ichim\desktop\ac\ti4-sem1\piu\piu_project\oevents\oevents\x64\debug\oevents.tlog\moc.write.1u.tlog
c:\users\ichim\desktop\ac\ti4-sem1\piu\piu_project\oevents\oevents\x64\debug\oevents.tlog\oevents.write.1u.tlog
c:\users\ichim\desktop\ac\ti4-sem1\piu\piu_project\oevents\oevents\x64\debug\oevents.tlog\rcc.read.1u.tlog
c:\users\ichim\desktop\ac\ti4-sem1\piu\piu_project\oevents\oevents\x64\debug\oevents.tlog\rcc.write.1u.tlog
c:\users\ichim\desktop\ac\ti4-sem1\piu\piu_project\oevents\oevents\x64\debug\oevents.tlog\uic.read.1u.tlog
c:\users\ichim\desktop\ac\ti4-sem1\piu\piu_project\oevents\oevents\x64\debug\oevents.tlog\uic.write.1u.tlog
